TN:
SF:src\ooxml-validator.ts
FN:31,(anonymous_7)
FN:50,(anonymous_8)
FN:62,(anonymous_9)
FN:62,(anonymous_10)
FN:91,(anonymous_11)
FN:94,(anonymous_12)
FN:114,(anonymous_13)
FN:117,(anonymous_14)
FN:132,(anonymous_15)
FN:318,(anonymous_16)
FN:318,(anonymous_17)
FN:339,(anonymous_18)
FNF:12
FNH:12
FNDA:54,(anonymous_7)
FNDA:21,(anonymous_8)
FNDA:9,(anonymous_9)
FNDA:9,(anonymous_10)
FNDA:21,(anonymous_11)
FNDA:6,(anonymous_12)
FNDA:9,(anonymous_13)
FNDA:6,(anonymous_14)
FNDA:12,(anonymous_15)
FNDA:9,(anonymous_16)
FNDA:9,(anonymous_17)
FNDA:18,(anonymous_18)
DA:2,3
DA:3,3
DA:4,3
DA:5,3
DA:6,3
DA:7,3
DA:8,3
DA:22,3
DA:32,54
DA:33,54
DA:34,54
DA:35,54
DA:36,54
DA:37,54
DA:38,54
DA:51,21
DA:52,21
DA:56,3
DA:61,3
DA:62,9
DA:63,9
DA:64,9
DA:65,9
DA:66,9
DA:67,9
DA:68,6
DA:69,6
DA:72,9
DA:73,6
DA:74,6
DA:76,6
DA:77,0
DA:78,0
DA:80,0
DA:82,0
DA:83,0
DA:85,6
DA:86,3
DA:87,3
DA:89,3
DA:91,21
DA:94,3
DA:95,6
DA:96,6
DA:97,42
DA:98,42
DA:100,42
DA:102,6
DA:105,3
DA:108,6
DA:110,3
DA:114,3
DA:115,9
DA:116,3
DA:117,3
DA:118,6
DA:132,12
DA:137,3
DA:185,6
DA:186,3
DA:210,3
DA:318,9
DA:319,9
DA:320,9
DA:321,9
DA:322,9
DA:329,9
DA:330,9
DA:331,9
DA:334,9
DA:335,9
DA:336,9
DA:337,9
DA:339,18
DA:341,9
DA:342,6
DA:344,6
DA:345,3
DA:347,6
DA:348,6
DA:350,3
DA:351,3
DA:354,0
DA:355,0
LF:84
LH:77
BRDA:34,0,0,24
BRDA:34,0,1,30
BRDA:34,1,0,54
BRDA:34,1,1,54
BRDA:35,2,0,24
BRDA:35,2,1,30
BRDA:35,3,0,54
BRDA:35,3,1,54
BRDA:36,4,0,24
BRDA:36,4,1,30
BRDA:36,5,0,54
BRDA:36,5,1,54
BRDA:37,6,0,24
BRDA:37,6,1,30
BRDA:37,7,0,54
BRDA:37,7,1,54
BRDA:67,8,0,6
BRDA:67,8,1,3
BRDA:67,9,0,9
BRDA:67,9,1,9
BRDA:72,10,0,6
BRDA:72,10,1,3
BRDA:76,11,0,6
BRDA:76,11,1,0
BRDA:77,12,0,0
BRDA:77,12,1,0
BRDA:85,13,0,3
BRDA:85,13,1,3
BRDA:98,14,0,0
BRDA:98,14,1,42
BRDA:115,15,0,3
BRDA:115,15,1,6
BRDA:115,16,0,9
BRDA:115,16,1,6
BRDA:132,17,0,0
BRDA:132,17,1,6
BRDA:132,18,0,6
BRDA:132,18,1,6
BRDA:154,19,0,3
BRDA:154,19,1,0
BRDA:185,20,0,3
BRDA:185,20,1,3
BRDA:185,21,0,6
BRDA:185,21,1,3
BRDA:330,22,0,0
BRDA:330,22,1,9
BRDA:330,23,0,9
BRDA:330,23,1,9
BRDA:334,24,0,9
BRDA:334,24,1,0
BRDA:334,25,0,9
BRDA:334,25,1,9
BRDA:337,26,0,9
BRDA:337,26,1,0
BRDA:337,27,0,9
BRDA:337,27,1,9
BRDA:341,28,0,6
BRDA:341,28,1,3
BRDA:344,29,0,3
BRDA:344,29,1,3
BRDA:354,30,0,0
BRDA:354,30,1,0
BRDA:354,31,0,0
BRDA:354,31,1,0
BRDA:355,32,0,0
BRDA:355,32,1,0
BRF:66
BRH:51
end_of_record
