TN:
SF:src\ooxml-validator.ts
FN:30,(anonymous_7)
FN:49,(anonymous_8)
FN:61,(anonymous_9)
FN:61,(anonymous_10)
FN:84,(anonymous_11)
FN:87,(anonymous_12)
FN:105,(anonymous_13)
FN:108,(anonymous_14)
FN:123,(anonymous_15)
FN:322,(anonymous_16)
FN:322,(anonymous_17)
FN:370,(anonymous_18)
FNF:12
FNH:12
FNDA:45,(anonymous_7)
FNDA:21,(anonymous_8)
FNDA:9,(anonymous_9)
FNDA:9,(anonymous_10)
FNDA:21,(anonymous_11)
FNDA:6,(anonymous_12)
FNDA:9,(anonymous_13)
FNDA:6,(anonymous_14)
FNDA:12,(anonymous_15)
FNDA:9,(anonymous_16)
FNDA:9,(anonymous_17)
FNDA:9,(anonymous_18)
DA:2,3
DA:3,3
DA:4,3
DA:5,3
DA:6,3
DA:21,3
DA:31,45
DA:32,45
DA:33,45
DA:34,45
DA:35,45
DA:36,45
DA:37,45
DA:50,21
DA:51,21
DA:55,3
DA:60,3
DA:61,9
DA:62,9
DA:63,9
DA:64,9
DA:65,6
DA:66,6
DA:69,9
DA:70,6
DA:71,6
DA:73,6
DA:74,6
DA:78,6
DA:79,3
DA:80,3
DA:82,3
DA:84,21
DA:87,3
DA:88,6
DA:89,6
DA:90,42
DA:91,42
DA:93,6
DA:96,3
DA:99,6
DA:101,3
DA:105,3
DA:106,9
DA:107,3
DA:108,3
DA:109,6
DA:123,12
DA:128,3
DA:189,6
DA:190,3
DA:214,3
DA:322,9
DA:323,9
DA:324,9
DA:325,9
DA:326,9
DA:333,9
DA:334,9
DA:335,9
DA:338,9
DA:340,9
DA:342,9
DA:343,9
DA:347,9
DA:348,9
DA:349,0
DA:352,9
DA:353,9
DA:354,0
DA:356,9
DA:357,9
DA:360,9
DA:362,9
DA:363,9
DA:364,9
DA:365,6
DA:366,6
DA:369,3
DA:370,9
DA:373,3
DA:374,3
DA:376,3
DA:377,0
DA:379,3
DA:380,3
DA:382,0
DA:383,0
DA:386,0
DA:387,0
LF:90
LH:83
BRDA:33,0,0,21
BRDA:33,0,1,24
BRDA:33,1,0,45
BRDA:33,1,1,45
BRDA:34,2,0,21
BRDA:34,2,1,24
BRDA:34,3,0,45
BRDA:34,3,1,45
BRDA:35,4,0,21
BRDA:35,4,1,24
BRDA:35,5,0,45
BRDA:35,5,1,45
BRDA:36,6,0,21
BRDA:36,6,1,24
BRDA:36,7,0,45
BRDA:36,7,1,45
BRDA:64,8,0,6
BRDA:64,8,1,3
BRDA:64,9,0,9
BRDA:64,9,1,9
BRDA:69,10,0,6
BRDA:69,10,1,3
BRDA:73,11,0,6
BRDA:73,11,1,0
BRDA:78,12,0,3
BRDA:78,12,1,3
BRDA:106,13,0,3
BRDA:106,13,1,6
BRDA:106,14,0,9
BRDA:106,14,1,6
BRDA:123,15,0,0
BRDA:123,15,1,6
BRDA:123,16,0,6
BRDA:123,16,1,6
BRDA:154,17,0,3
BRDA:154,17,1,0
BRDA:189,18,0,3
BRDA:189,18,1,3
BRDA:189,19,0,6
BRDA:189,19,1,3
BRDA:334,20,0,0
BRDA:334,20,1,9
BRDA:334,21,0,9
BRDA:334,21,1,9
BRDA:338,22,0,9
BRDA:338,22,1,0
BRDA:338,23,0,9
BRDA:338,23,1,9
BRDA:348,24,0,0
BRDA:348,24,1,9
BRDA:353,25,0,0
BRDA:353,25,1,9
BRDA:363,26,0,0
BRDA:363,26,1,9
BRDA:363,27,0,9
BRDA:363,27,1,9
BRDA:363,28,0,0
BRDA:363,28,1,9
BRDA:363,29,0,9
BRDA:363,29,1,9
BRDA:364,30,0,6
BRDA:364,30,1,3
BRDA:364,31,0,0
BRDA:364,31,1,9
BRDA:364,32,0,9
BRDA:364,32,1,9
BRDA:369,33,0,0
BRDA:369,33,1,3
BRDA:369,34,0,3
BRDA:369,34,1,3
BRDA:369,35,0,0
BRDA:369,35,1,3
BRDA:369,36,0,3
BRDA:369,36,1,3
BRDA:373,37,0,3
BRDA:373,37,1,0
BRDA:376,38,0,0
BRDA:376,38,1,3
BRDA:386,39,0,0
BRDA:386,39,1,0
BRDA:386,40,0,0
BRDA:386,40,1,0
BRDA:387,41,0,0
BRDA:387,41,1,0
BRF:84
BRH:64
end_of_record
